<?xml version="1.0" encoding="UTF-8"?>
<!-- Generated by org.testng.reporters.JUnitXMLReporter -->
<testsuite ignored="0" hostname="LAPTOP-EG0KHS5L" failures="0" tests="12" name="Test" time="107.3" errors="0" timestamp="2023-01-25T19:05:36 IST">
  <testcase classname="com.tutorialsninja.qa.Test.RegisterTest" name="verifyRegisterAccountWithMandatoryFields" time="1.045"/>
  <testcase classname="com.tutorialsninja.qa.Test.RegisterTest" name="verifyRegisterAccountWithAllFields" time="0.966"/>
  <testcase classname="com.tutorialsninja.qa.Test.RegisterTest" name="verifyRegisterAccountwithoutprovidingdetails" time="0.389"/>
  <testcase classname="com.tutorialsninja.qa.Test.LoginTest" name="verifyMyLoginwithvalidcredentials" time="0.59"/>
  <testcase classname="com.tutorialsninja.qa.Test.LoginTest" name="verifyMyLoginwithvalidcredentials" time="0.62"/>
  <testcase classname="com.tutorialsninja.qa.Test.LoginTest" name="verifyMyLoginwithvalidcredentials" time="1.163"/>
  <testcase classname="com.tutorialsninja.qa.Test.LoginTest" name="verifyMyLoginwithInvalidcredentials" time="0.618"/>
  <testcase classname="com.tutorialsninja.qa.Test.LoginTest" name="verifyloginwithinvlalidEmailandvalidpassword" time="0.604"/>
  <testcase classname="com.tutorialsninja.qa.Test.LoginTest" name="verifyloginwithValidEmailandinvalidpassword" time="0.549"/>
  <testcase classname="com.tutorialsninja.qa.Test.LoginTest" name="verifyLoginWithoutCredentials" time="0.316"/>
  <testcase classname="com.tutorialsninja.qa.Test.SearchTest" name="enterproductnameinsearchbox" time="0.605"/>
  <testcase classname="com.tutorialsninja.qa.Test.SearchTest" name="enterproductnamebutnotfound" time="0.605"/>
</testsuite> <!-- Test -->
