<?xml version="1.0" encoding="UTF-8"?>
<testng-results ignored="0" total="12" passed="12" failed="0" skipped="0">
  <reporter-output>
  </reporter-output>
  <suite started-at="2023-01-25T19:03:46 IST" name="Suite" finished-at="2023-01-25T19:05:33 IST" duration-ms="107300">
    <groups>
    </groups>
    <test started-at="2023-01-25T19:03:46 IST" name="Test" finished-at="2023-01-25T19:05:33 IST" duration-ms="107300">
      <class name="com.tutorialsninja.qa.Test.RegisterTest">
        <test-method is-config="true" signature="setup()[pri:0, instance:com.tutorialsninja.qa.Test.RegisterTest@5fdcaa40]" started-at="2023-01-25T19:03:46 IST" name="setup" finished-at="2023-01-25T19:03:56 IST" duration-ms="10173" status="PASS">
          <reporter-output>
          </reporter-output>
        </test-method> <!-- setup -->
        <test-method signature="verifyRegisterAccountWithMandatoryFields()[pri:1, instance:com.tutorialsninja.qa.Test.RegisterTest@5fdcaa40]" started-at="2023-01-25T19:03:56 IST" name="verifyRegisterAccountWithMandatoryFields" finished-at="2023-01-25T19:03:57 IST" duration-ms="1045" status="PASS">
          <reporter-output>
          </reporter-output>
        </test-method> <!-- verifyRegisterAccountWithMandatoryFields -->
        <test-method is-config="true" signature="teardown()[pri:0, instance:com.tutorialsninja.qa.Test.RegisterTest@5fdcaa40]" started-at="2023-01-25T19:03:57 IST" name="teardown" finished-at="2023-01-25T19:03:58 IST" duration-ms="268" status="PASS">
          <reporter-output>
          </reporter-output>
        </test-method> <!-- teardown -->
        <test-method is-config="true" signature="setup()[pri:0, instance:com.tutorialsninja.qa.Test.RegisterTest@5fdcaa40]" started-at="2023-01-25T19:03:58 IST" name="setup" finished-at="2023-01-25T19:04:06 IST" duration-ms="7958" status="PASS">
          <reporter-output>
          </reporter-output>
        </test-method> <!-- setup -->
        <test-method signature="verifyRegisterAccountWithAllFields()[pri:2, instance:com.tutorialsninja.qa.Test.RegisterTest@5fdcaa40]" started-at="2023-01-25T19:04:06 IST" name="verifyRegisterAccountWithAllFields" finished-at="2023-01-25T19:04:07 IST" duration-ms="966" status="PASS">
          <reporter-output>
          </reporter-output>
        </test-method> <!-- verifyRegisterAccountWithAllFields -->
        <test-method is-config="true" signature="teardown()[pri:0, instance:com.tutorialsninja.qa.Test.RegisterTest@5fdcaa40]" started-at="2023-01-25T19:04:07 IST" name="teardown" finished-at="2023-01-25T19:04:07 IST" duration-ms="211" status="PASS">
          <reporter-output>
          </reporter-output>
        </test-method> <!-- teardown -->
        <test-method is-config="true" signature="setup()[pri:0, instance:com.tutorialsninja.qa.Test.RegisterTest@5fdcaa40]" started-at="2023-01-25T19:04:07 IST" name="setup" finished-at="2023-01-25T19:04:14 IST" duration-ms="7241" status="PASS">
          <reporter-output>
          </reporter-output>
        </test-method> <!-- setup -->
        <test-method signature="verifyRegisterAccountwithoutprovidingdetails()[pri:3, instance:com.tutorialsninja.qa.Test.RegisterTest@5fdcaa40]" started-at="2023-01-25T19:04:14 IST" name="verifyRegisterAccountwithoutprovidingdetails" finished-at="2023-01-25T19:04:14 IST" duration-ms="389" status="PASS">
          <reporter-output>
          </reporter-output>
        </test-method> <!-- verifyRegisterAccountwithoutprovidingdetails -->
        <test-method is-config="true" signature="teardown()[pri:0, instance:com.tutorialsninja.qa.Test.RegisterTest@5fdcaa40]" started-at="2023-01-25T19:04:14 IST" name="teardown" finished-at="2023-01-25T19:04:15 IST" duration-ms="178" status="PASS">
          <reporter-output>
          </reporter-output>
        </test-method> <!-- teardown -->
      </class> <!-- com.tutorialsninja.qa.Test.RegisterTest -->
      <class name="com.tutorialsninja.qa.Test.SearchTest">
        <test-method is-config="true" signature="setup()[pri:0, instance:com.tutorialsninja.qa.Test.SearchTest@222545dc]" started-at="2023-01-25T19:05:17 IST" name="setup" finished-at="2023-01-25T19:05:25 IST" duration-ms="8252" status="PASS">
          <reporter-output>
          </reporter-output>
        </test-method> <!-- setup -->
        <test-method signature="enterproductnameinsearchbox()[pri:1, instance:com.tutorialsninja.qa.Test.SearchTest@222545dc]" started-at="2023-01-25T19:05:25 IST" name="enterproductnameinsearchbox" finished-at="2023-01-25T19:05:25 IST" duration-ms="605" status="PASS">
          <reporter-output>
          </reporter-output>
        </test-method> <!-- enterproductnameinsearchbox -->
        <test-method is-config="true" signature="TearDown()[pri:0, instance:com.tutorialsninja.qa.Test.SearchTest@222545dc]" started-at="2023-01-25T19:05:25 IST" name="TearDown" finished-at="2023-01-25T19:05:26 IST" duration-ms="338" status="PASS">
          <reporter-output>
          </reporter-output>
        </test-method> <!-- TearDown -->
        <test-method is-config="true" signature="setup()[pri:0, instance:com.tutorialsninja.qa.Test.SearchTest@222545dc]" started-at="2023-01-25T19:05:26 IST" name="setup" finished-at="2023-01-25T19:05:32 IST" duration-ms="6237" status="PASS">
          <reporter-output>
          </reporter-output>
        </test-method> <!-- setup -->
        <test-method signature="enterproductnamebutnotfound()[pri:2, instance:com.tutorialsninja.qa.Test.SearchTest@222545dc]" started-at="2023-01-25T19:05:32 IST" name="enterproductnamebutnotfound" finished-at="2023-01-25T19:05:33 IST" duration-ms="605" status="PASS">
          <reporter-output>
          </reporter-output>
        </test-method> <!-- enterproductnamebutnotfound -->
        <test-method is-config="true" signature="TearDown()[pri:0, instance:com.tutorialsninja.qa.Test.SearchTest@222545dc]" started-at="2023-01-25T19:05:33 IST" name="TearDown" finished-at="2023-01-25T19:05:33 IST" duration-ms="160" status="PASS">
          <reporter-output>
          </reporter-output>
        </test-method> <!-- TearDown -->
      </class> <!-- com.tutorialsninja.qa.Test.SearchTest -->
      <class name="com.tutorialsninja.qa.Test.LoginTest">
        <test-method is-config="true" signature="setup()[pri:0, instance:com.tutorialsninja.qa.Test.LoginTest@6ae5aa72]" started-at="2023-01-25T19:04:16 IST" name="setup" finished-at="2023-01-25T19:04:22 IST" duration-ms="5788" status="PASS">
          <reporter-output>
          </reporter-output>
        </test-method> <!-- setup -->
        <test-method signature="verifyMyLoginwithvalidcredentials(java.lang.String,java.lang.String)[pri:1, instance:com.tutorialsninja.qa.Test.LoginTest@6ae5aa72]" started-at="2023-01-25T19:04:22 IST" name="verifyMyLoginwithvalidcredentials" data-provider="dataprovider" finished-at="2023-01-25T19:04:22 IST" duration-ms="590" status="PASS">
          <params>
            <param index="0">
              <value>
                <![CDATA[jesus.beck@example.com]]>
              </value>
            </param>
            <param index="1">
              <value>
                <![CDATA[1234]]>
              </value>
            </param>
          </params>
          <reporter-output>
          </reporter-output>
        </test-method> <!-- verifyMyLoginwithvalidcredentials -->
        <test-method is-config="true" signature="teardown()[pri:0, instance:com.tutorialsninja.qa.Test.LoginTest@6ae5aa72]" started-at="2023-01-25T19:04:22 IST" name="teardown" finished-at="2023-01-25T19:04:23 IST" duration-ms="111" status="PASS">
          <reporter-output>
          </reporter-output>
        </test-method> <!-- teardown -->
        <test-method is-config="true" signature="setup()[pri:0, instance:com.tutorialsninja.qa.Test.LoginTest@6ae5aa72]" started-at="2023-01-25T19:04:23 IST" name="setup" finished-at="2023-01-25T19:04:31 IST" duration-ms="8400" status="PASS">
          <reporter-output>
          </reporter-output>
        </test-method> <!-- setup -->
        <test-method signature="verifyMyLoginwithvalidcredentials(java.lang.String,java.lang.String)[pri:1, instance:com.tutorialsninja.qa.Test.LoginTest@6ae5aa72]" started-at="2023-01-25T19:04:31 IST" name="verifyMyLoginwithvalidcredentials" data-provider="dataprovider" finished-at="2023-01-25T19:04:32 IST" duration-ms="620" status="PASS">
          <params>
            <param index="0">
              <value>
                <![CDATA[jill.sanchez@example.com]]>
              </value>
            </param>
            <param index="1">
              <value>
                <![CDATA[1234]]>
              </value>
            </param>
          </params>
          <reporter-output>
          </reporter-output>
        </test-method> <!-- verifyMyLoginwithvalidcredentials -->
        <test-method is-config="true" signature="teardown()[pri:0, instance:com.tutorialsninja.qa.Test.LoginTest@6ae5aa72]" started-at="2023-01-25T19:04:32 IST" name="teardown" finished-at="2023-01-25T19:04:33 IST" duration-ms="1637" status="PASS">
          <reporter-output>
          </reporter-output>
        </test-method> <!-- teardown -->
        <test-method is-config="true" signature="setup()[pri:0, instance:com.tutorialsninja.qa.Test.LoginTest@6ae5aa72]" started-at="2023-01-25T19:04:33 IST" name="setup" finished-at="2023-01-25T19:04:45 IST" duration-ms="12192" status="PASS">
          <reporter-output>
          </reporter-output>
        </test-method> <!-- setup -->
        <test-method signature="verifyMyLoginwithvalidcredentials(java.lang.String,java.lang.String)[pri:1, instance:com.tutorialsninja.qa.Test.LoginTest@6ae5aa72]" started-at="2023-01-25T19:04:45 IST" name="verifyMyLoginwithvalidcredentials" data-provider="dataprovider" finished-at="2023-01-25T19:04:47 IST" duration-ms="1163" status="PASS">
          <params>
            <param index="0">
              <value>
                <![CDATA[alfred.lawrence@example.com]]>
              </value>
            </param>
            <param index="1">
              <value>
                <![CDATA[1234]]>
              </value>
            </param>
          </params>
          <reporter-output>
          </reporter-output>
        </test-method> <!-- verifyMyLoginwithvalidcredentials -->
        <test-method is-config="true" signature="teardown()[pri:0, instance:com.tutorialsninja.qa.Test.LoginTest@6ae5aa72]" started-at="2023-01-25T19:04:47 IST" name="teardown" finished-at="2023-01-25T19:04:47 IST" duration-ms="262" status="PASS">
          <reporter-output>
          </reporter-output>
        </test-method> <!-- teardown -->
        <test-method is-config="true" signature="setup()[pri:0, instance:com.tutorialsninja.qa.Test.LoginTest@6ae5aa72]" started-at="2023-01-25T19:04:47 IST" name="setup" finished-at="2023-01-25T19:04:55 IST" duration-ms="8550" status="PASS">
          <reporter-output>
          </reporter-output>
        </test-method> <!-- setup -->
        <test-method signature="verifyMyLoginwithInvalidcredentials()[pri:2, instance:com.tutorialsninja.qa.Test.LoginTest@6ae5aa72]" started-at="2023-01-25T19:04:55 IST" name="verifyMyLoginwithInvalidcredentials" finished-at="2023-01-25T19:04:56 IST" duration-ms="618" status="PASS">
          <reporter-output>
          </reporter-output>
        </test-method> <!-- verifyMyLoginwithInvalidcredentials -->
        <test-method is-config="true" signature="teardown()[pri:0, instance:com.tutorialsninja.qa.Test.LoginTest@6ae5aa72]" started-at="2023-01-25T19:04:56 IST" name="teardown" finished-at="2023-01-25T19:04:56 IST" duration-ms="131" status="PASS">
          <reporter-output>
          </reporter-output>
        </test-method> <!-- teardown -->
        <test-method is-config="true" signature="setup()[pri:0, instance:com.tutorialsninja.qa.Test.LoginTest@6ae5aa72]" started-at="2023-01-25T19:04:56 IST" name="setup" finished-at="2023-01-25T19:05:03 IST" duration-ms="6703" status="PASS">
          <reporter-output>
          </reporter-output>
        </test-method> <!-- setup -->
        <test-method signature="verifyloginwithinvlalidEmailandvalidpassword()[pri:3, instance:com.tutorialsninja.qa.Test.LoginTest@6ae5aa72]" started-at="2023-01-25T19:05:03 IST" name="verifyloginwithinvlalidEmailandvalidpassword" finished-at="2023-01-25T19:05:03 IST" duration-ms="604" status="PASS">
          <reporter-output>
          </reporter-output>
        </test-method> <!-- verifyloginwithinvlalidEmailandvalidpassword -->
        <test-method is-config="true" signature="teardown()[pri:0, instance:com.tutorialsninja.qa.Test.LoginTest@6ae5aa72]" started-at="2023-01-25T19:05:03 IST" name="teardown" finished-at="2023-01-25T19:05:04 IST" duration-ms="154" status="PASS">
          <reporter-output>
          </reporter-output>
        </test-method> <!-- teardown -->
        <test-method is-config="true" signature="setup()[pri:0, instance:com.tutorialsninja.qa.Test.LoginTest@6ae5aa72]" started-at="2023-01-25T19:05:04 IST" name="setup" finished-at="2023-01-25T19:05:09 IST" duration-ms="5403" status="PASS">
          <reporter-output>
          </reporter-output>
        </test-method> <!-- setup -->
        <test-method signature="verifyloginwithValidEmailandinvalidpassword()[pri:4, instance:com.tutorialsninja.qa.Test.LoginTest@6ae5aa72]" started-at="2023-01-25T19:05:09 IST" name="verifyloginwithValidEmailandinvalidpassword" finished-at="2023-01-25T19:05:10 IST" duration-ms="549" status="PASS">
          <reporter-output>
          </reporter-output>
        </test-method> <!-- verifyloginwithValidEmailandinvalidpassword -->
        <test-method is-config="true" signature="teardown()[pri:0, instance:com.tutorialsninja.qa.Test.LoginTest@6ae5aa72]" started-at="2023-01-25T19:05:10 IST" name="teardown" finished-at="2023-01-25T19:05:10 IST" duration-ms="607" status="PASS">
          <reporter-output>
          </reporter-output>
        </test-method> <!-- teardown -->
        <test-method is-config="true" signature="setup()[pri:0, instance:com.tutorialsninja.qa.Test.LoginTest@6ae5aa72]" started-at="2023-01-25T19:05:10 IST" name="setup" finished-at="2023-01-25T19:05:16 IST" duration-ms="5981" status="PASS">
          <reporter-output>
          </reporter-output>
        </test-method> <!-- setup -->
        <test-method signature="verifyLoginWithoutCredentials()[pri:5, instance:com.tutorialsninja.qa.Test.LoginTest@6ae5aa72]" started-at="2023-01-25T19:05:16 IST" name="verifyLoginWithoutCredentials" finished-at="2023-01-25T19:05:16 IST" duration-ms="316" status="PASS">
          <reporter-output>
          </reporter-output>
        </test-method> <!-- verifyLoginWithoutCredentials -->
        <test-method is-config="true" signature="teardown()[pri:0, instance:com.tutorialsninja.qa.Test.LoginTest@6ae5aa72]" started-at="2023-01-25T19:05:16 IST" name="teardown" finished-at="2023-01-25T19:05:17 IST" duration-ms="147" status="PASS">
          <reporter-output>
          </reporter-output>
        </test-method> <!-- teardown -->
      </class> <!-- com.tutorialsninja.qa.Test.LoginTest -->
    </test> <!-- Test -->
  </suite> <!-- Suite -->
</testng-results>
